<?xml version="1.0" encoding="UTF-8"?>
<!-- Generated by org.testng.reporters.JUnitReportReporter -->
<testsuite hostname="LAPTOP-G0NNUBDR" failures="0" tests="6" name="org.test.TestCase" time="11.698" errors="0" timestamp="2023-09-25T23:22:27 IST" skipped="0">
  <testcase classname="org.test.TestCase" name="TC01" time="0.678"/>
  <testcase classname="org.test.TestCase" name="TC02" time="1.638"/>
  <testcase classname="org.test.TestCase" name="TC03" time="2.701"/>
  <testcase classname="org.test.TestCase" name="TC04" time="1.121"/>
  <testcase classname="org.test.TestCase" name="TC05" time="5.276"/>
  <testcase classname="org.test.TestCase" name="TC06" time="0.284"/>
</testsuite> <!-- org.test.TestCase -->
